2024/04/23 10:14:24 [NOTICE]: lyrebird-0.2.0 - launched
2024/04/23 10:14:24 [INFO]: lyrebird - initializing server transport listeners
2024/04/23 10:14:24 [INFO]: obfs4 - registered listener: [scrubbed]:9090
2024/04/23 10:14:24 [INFO]: lyrebird - accepting connections
2024/04/23 10:14:33 [INFO]: obfs4([scrubbed]:64933) - new connection
2024/04/23 10:15:21 [WARN]: obfs4([scrubbed]:64933) - handshake failed: read: i/o timeout
2024/04/23 10:18:04 [INFO]: obfs4([scrubbed]:64960) - new connection
2024/04/23 10:18:52 [WARN]: obfs4([scrubbed]:64960) - handshake failed: read: i/o timeout
2024/04/23 10:18:58 [INFO]: obfs4([scrubbed]:64966) - new connection
2024/04/23 10:19:46 [WARN]: obfs4([scrubbed]:64966) - handshake failed: read: i/o timeout
2024/04/23 10:21:13 [NOTICE]: lyrebird - terminated
2024/04/23 10:21:15 [NOTICE]: lyrebird-0.2.0 - launched
2024/04/23 10:21:15 [INFO]: lyrebird - initializing server transport listeners
2024/04/23 10:21:15 [INFO]: obfs4 - registered listener: [scrubbed]:9090
2024/04/23 10:21:15 [INFO]: lyrebird - accepting connections
2024/04/23 10:21:41 [INFO]: obfs4([scrubbed]:64995) - new connection
2024/04/23 10:22:29 [WARN]: obfs4([scrubbed]:64995) - handshake failed: read: i/o timeout
2024/04/23 10:22:33 [INFO]: obfs4([scrubbed]:65003) - new connection
2024/04/23 10:23:21 [WARN]: obfs4([scrubbed]:65003) - handshake failed: read: i/o timeout
2024/04/23 10:23:44 [INFO]: obfs4([scrubbed]:65015) - new connection
2024/04/23 10:24:18 [INFO]: obfs4([scrubbed]:65023) - new connection
2024/04/23 10:24:21 [INFO]: obfs4([scrubbed]:65029) - new connection
2024/04/23 10:24:32 [WARN]: obfs4([scrubbed]:65015) - handshake failed: read: i/o timeout
2024/04/23 10:25:18 [INFO]: obfs4([scrubbed]:65023) - closed connection
2024/04/23 10:25:21 [INFO]: obfs4([scrubbed]:65029) - closed connection
2024/04/23 10:25:43 [INFO]: obfs4([scrubbed]:65044) - new connection
2024/04/23 10:26:43 [INFO]: obfs4([scrubbed]:65044) - closed connection
